2024-12-30 09:48:59.429 [info] Getting Manifest... ms-python.python
2024-12-30 09:48:59.504 [info] Installing extension: ms-python.python {"isMachineScoped":false,"profileLocation":{"$mid":1,"external":"vscode-userdata:/root/.vscode/extensions/extensions.json","path":"/root/.vscode/extensions/extensions.json","scheme":"vscode-userdata"},"installOnlyNewlyAddedFromExtensionPack":true,"isApplicationScoped":false,"productVersion":{"version":"1.96.0","date":"2024-12-11T02:29:09.626Z"}}
2024-12-30 09:48:59.866 [info] Getting Manifest... ms-python.vscode-pylance
2024-12-30 09:48:59.884 [info] Getting Manifest... ms-python.debugpy
2024-12-30 09:48:59.930 [info] Installing extension: ms-python.vscode-pylance {"isMachineScoped":false,"profileLocation":{"$mid":1,"external":"vscode-userdata:/root/.vscode/extensions/extensions.json","path":"/root/.vscode/extensions/extensions.json","scheme":"vscode-userdata"},"installOnlyNewlyAddedFromExtensionPack":true,"isApplicationScoped":false,"productVersion":{"version":"1.96.0","date":"2024-12-11T02:29:09.626Z"},"context":{"dependecyOrPackExtensionInstall":true}}
2024-12-30 09:48:59.930 [info] Installing extension: ms-python.debugpy {"isMachineScoped":false,"profileLocation":{"$mid":1,"external":"vscode-userdata:/root/.vscode/extensions/extensions.json","path":"/root/.vscode/extensions/extensions.json","scheme":"vscode-userdata"},"installOnlyNewlyAddedFromExtensionPack":true,"isApplicationScoped":false,"productVersion":{"version":"1.96.0","date":"2024-12-11T02:29:09.626Z"},"context":{"dependecyOrPackExtensionInstall":true}}
2024-12-30 09:49:51.310 [info] Extension signature verification result for ms-python.python: Success. Executed: true. Duration: 50340ms.
2024-12-30 09:49:51.447 [info] Extension signature verification result for ms-python.debugpy: Success. Executed: true. Duration: 50450ms.
2024-12-30 09:49:51.616 [info] Extracted extension to file:///root/.vscode/extensions/ms-python.debugpy-2024.14.0-linux-x64: ms-python.debugpy
2024-12-30 09:49:51.623 [info] Renamed to /root/.vscode/extensions/ms-python.debugpy-2024.14.0-linux-x64
2024-12-30 09:49:51.673 [info] Extension signature verification result for ms-python.vscode-pylance: Success. Executed: true. Duration: 50306ms.
2024-12-30 09:49:51.702 [error] [uncaught exception in sharedProcess]: Error: ENOENT: no such file or directory, stat '/root/.vscode/extensions/extensions.json.vsctmp': EntryNotFound (FileSystemError): Error: ENOENT: no such file or directory, stat '/root/.vscode/extensions/extensions.json.vsctmp'
    at Gm.create (file:///snap/code/177/usr/share/code/resources/app/out/vs/code/electron-utility/sharedProcess/sharedProcessMain.js:35:39624)
    at xs (file:///snap/code/177/usr/share/code/resources/app/out/vs/code/electron-utility/sharedProcess/sharedProcessMain.js:35:39731)
    at Vr.ib (file:///snap/code/177/usr/share/code/resources/app/out/vs/code/electron-utility/sharedProcess/sharedProcessMain.js:78:22778)
    at Vr.stat (file:///snap/code/177/usr/share/code/resources/app/out/vs/code/electron-utility/sharedProcess/sharedProcessMain.js:78:16010)
    at async wh.stat (file:///snap/code/177/usr/share/code/resources/app/out/vs/code/electron-utility/sharedProcess/sharedProcessMain.js:77:85488)
    at async fh.Ab (file:///snap/code/177/usr/share/code/resources/app/out/vs/code/electron-utility/sharedProcess/sharedProcessMain.js:77:67180)
2024-12-30 09:49:51.807 [info] Extracted extension to file:///root/.vscode/extensions/ms-python.python-2024.22.1-linux-x64: ms-python.python
2024-12-30 09:49:51.832 [info] Renamed to /root/.vscode/extensions/ms-python.python-2024.22.1-linux-x64
2024-12-30 09:49:51.909 [error] [uncaught exception in sharedProcess]: Error: ENOENT: no such file or directory, stat '/root/.vscode/extensions/extensions.json.vsctmp': EntryNotFound (FileSystemError): Error: ENOENT: no such file or directory, stat '/root/.vscode/extensions/extensions.json.vsctmp'
    at Gm.create (file:///snap/code/177/usr/share/code/resources/app/out/vs/code/electron-utility/sharedProcess/sharedProcessMain.js:35:39624)
    at xs (file:///snap/code/177/usr/share/code/resources/app/out/vs/code/electron-utility/sharedProcess/sharedProcessMain.js:35:39731)
    at Vr.ib (file:///snap/code/177/usr/share/code/resources/app/out/vs/code/electron-utility/sharedProcess/sharedProcessMain.js:78:22778)
    at Vr.stat (file:///snap/code/177/usr/share/code/resources/app/out/vs/code/electron-utility/sharedProcess/sharedProcessMain.js:78:16010)
    at async wh.stat (file:///snap/code/177/usr/share/code/resources/app/out/vs/code/electron-utility/sharedProcess/sharedProcessMain.js:77:85488)
    at async fh.Ab (file:///snap/code/177/usr/share/code/resources/app/out/vs/code/electron-utility/sharedProcess/sharedProcessMain.js:77:67180)
2024-12-30 09:49:52.794 [info] Extracted extension to file:///root/.vscode/extensions/ms-python.vscode-pylance-2024.12.1: ms-python.vscode-pylance
2024-12-30 09:49:52.874 [info] Renamed to /root/.vscode/extensions/ms-python.vscode-pylance-2024.12.1
2024-12-30 09:49:52.885 [info] Extension installed successfully: ms-python.debugpy vscode-userdata:/root/.vscode/extensions/extensions.json
2024-12-30 09:49:52.885 [info] Extension installed successfully: ms-python.python vscode-userdata:/root/.vscode/extensions/extensions.json
2024-12-30 09:49:52.885 [info] Extension installed successfully: ms-python.vscode-pylance vscode-userdata:/root/.vscode/extensions/extensions.json
2024-12-30 09:49:52.954 [error] [uncaught exception in sharedProcess]: Error: ENOENT: no such file or directory, stat '/root/.vscode/extensions/extensions.json.vsctmp': EntryNotFound (FileSystemError): Error: ENOENT: no such file or directory, stat '/root/.vscode/extensions/extensions.json.vsctmp'
    at Gm.create (file:///snap/code/177/usr/share/code/resources/app/out/vs/code/electron-utility/sharedProcess/sharedProcessMain.js:35:39624)
    at xs (file:///snap/code/177/usr/share/code/resources/app/out/vs/code/electron-utility/sharedProcess/sharedProcessMain.js:35:39731)
    at Vr.ib (file:///snap/code/177/usr/share/code/resources/app/out/vs/code/electron-utility/sharedProcess/sharedProcessMain.js:78:22778)
    at Vr.stat (file:///snap/code/177/usr/share/code/resources/app/out/vs/code/electron-utility/sharedProcess/sharedProcessMain.js:78:16010)
    at async wh.stat (file:///snap/code/177/usr/share/code/resources/app/out/vs/code/electron-utility/sharedProcess/sharedProcessMain.js:77:85488)
    at async fh.Ab (file:///snap/code/177/usr/share/code/resources/app/out/vs/code/electron-utility/sharedProcess/sharedProcessMain.js:77:67180)
2024-12-30 09:50:28.985 [info] Getting Manifest... eamodio.gitlens
2024-12-30 09:50:29.010 [info] Installing extension: eamodio.gitlens {"isMachineScoped":false,"installPreReleaseVersion":false,"pinned":false,"profileLocation":{"$mid":1,"external":"vscode-userdata:/root/.vscode/extensions/extensions.json","path":"/root/.vscode/extensions/extensions.json","scheme":"vscode-userdata"},"installOnlyNewlyAddedFromExtensionPack":true,"isApplicationScoped":false,"productVersion":{"version":"1.96.0","date":"2024-12-11T02:29:09.626Z"}}
2024-12-30 09:50:30.072 [info] Extension signature verification result for eamodio.gitlens: Success. Executed: true. Duration: 548ms.
2024-12-30 09:50:30.163 [info] Extracted extension to file:///root/.vscode/extensions/eamodio.gitlens-16.1.1: eamodio.gitlens
2024-12-30 09:50:30.177 [info] Renamed to /root/.vscode/extensions/eamodio.gitlens-16.1.1
2024-12-30 09:50:30.192 [info] Extension installed successfully: eamodio.gitlens vscode-userdata:/root/.vscode/extensions/extensions.json
2024-12-30 09:50:30.257 [error] [uncaught exception in sharedProcess]: Error: ENOENT: no such file or directory, stat '/root/.vscode/extensions/extensions.json.vsctmp': EntryNotFound (FileSystemError): Error: ENOENT: no such file or directory, stat '/root/.vscode/extensions/extensions.json.vsctmp'
    at Gm.create (file:///snap/code/177/usr/share/code/resources/app/out/vs/code/electron-utility/sharedProcess/sharedProcessMain.js:35:39624)
    at xs (file:///snap/code/177/usr/share/code/resources/app/out/vs/code/electron-utility/sharedProcess/sharedProcessMain.js:35:39731)
    at Vr.ib (file:///snap/code/177/usr/share/code/resources/app/out/vs/code/electron-utility/sharedProcess/sharedProcessMain.js:78:22778)
    at Vr.stat (file:///snap/code/177/usr/share/code/resources/app/out/vs/code/electron-utility/sharedProcess/sharedProcessMain.js:78:16010)
    at async wh.stat (file:///snap/code/177/usr/share/code/resources/app/out/vs/code/electron-utility/sharedProcess/sharedProcessMain.js:77:85488)
    at async fh.Ab (file:///snap/code/177/usr/share/code/resources/app/out/vs/code/electron-utility/sharedProcess/sharedProcessMain.js:77:67180)
2024-12-30 09:50:59.267 [info] Getting Manifest... huizhou.githd
2024-12-30 09:50:59.291 [info] Installing extension: huizhou.githd {"isMachineScoped":false,"installPreReleaseVersion":false,"pinned":false,"profileLocation":{"$mid":1,"external":"vscode-userdata:/root/.vscode/extensions/extensions.json","path":"/root/.vscode/extensions/extensions.json","scheme":"vscode-userdata"},"installOnlyNewlyAddedFromExtensionPack":true,"isApplicationScoped":false,"productVersion":{"version":"1.96.0","date":"2024-12-11T02:29:09.626Z"}}
2024-12-30 09:50:59.759 [info] Extension signature verification result for huizhou.githd: Success. Executed: true. Duration: 306ms.
2024-12-30 09:50:59.773 [info] Extracted extension to file:///root/.vscode/extensions/huizhou.githd-2.5.5: huizhou.githd
2024-12-30 09:50:59.779 [info] Renamed to /root/.vscode/extensions/huizhou.githd-2.5.5
2024-12-30 09:50:59.792 [info] Extension installed successfully: huizhou.githd vscode-userdata:/root/.vscode/extensions/extensions.json
2024-12-30 09:50:59.858 [error] [uncaught exception in sharedProcess]: Error: ENOENT: no such file or directory, stat '/root/.vscode/extensions/extensions.json.vsctmp': EntryNotFound (FileSystemError): Error: ENOENT: no such file or directory, stat '/root/.vscode/extensions/extensions.json.vsctmp'
    at Gm.create (file:///snap/code/177/usr/share/code/resources/app/out/vs/code/electron-utility/sharedProcess/sharedProcessMain.js:35:39624)
    at xs (file:///snap/code/177/usr/share/code/resources/app/out/vs/code/electron-utility/sharedProcess/sharedProcessMain.js:35:39731)
    at Vr.ib (file:///snap/code/177/usr/share/code/resources/app/out/vs/code/electron-utility/sharedProcess/sharedProcessMain.js:78:22778)
    at Vr.stat (file:///snap/code/177/usr/share/code/resources/app/out/vs/code/electron-utility/sharedProcess/sharedProcessMain.js:78:16010)
    at async wh.stat (file:///snap/code/177/usr/share/code/resources/app/out/vs/code/electron-utility/sharedProcess/sharedProcessMain.js:77:85488)
    at async fh.Ab (file:///snap/code/177/usr/share/code/resources/app/out/vs/code/electron-utility/sharedProcess/sharedProcessMain.js:77:67180)
