running develop
Removing /ros2_diff_drive_ws/install/pwm_controller_generic/lib/python3.12/site-packages/pwm-controller-generic.egg-link (link to .)
running egg_info
writing ../../build/pwm_controller_generic/pwm_controller_generic.egg-info/PKG-INFO
writing dependency_links to ../../build/pwm_controller_generic/pwm_controller_generic.egg-info/dependency_links.txt
writing requirements to ../../build/pwm_controller_generic/pwm_controller_generic.egg-info/requires.txt
writing top-level names to ../../build/pwm_controller_generic/pwm_controller_generic.egg-info/top_level.txt
reading manifest file '../../build/pwm_controller_generic/pwm_controller_generic.egg-info/SOURCES.txt'
adding license file 'LICENSE'
writing manifest file '../../build/pwm_controller_generic/pwm_controller_generic.egg-info/SOURCES.txt'
running build
running build_py
creating /ros2_diff_drive_ws/build/pwm_controller_generic/build
creating /ros2_diff_drive_ws/build/pwm_controller_generic/build/lib
creating /ros2_diff_drive_ws/build/pwm_controller_generic/build/lib/pwm_controller_generic
copying pwm_controller_generic/__init__.py -> /ros2_diff_drive_ws/build/pwm_controller_generic/build/lib/pwm_controller_generic
running install
running install_lib
creating /ros2_diff_drive_ws/install/pwm_controller_generic/lib/python3.12/site-packages/pwm_controller_generic
copying /ros2_diff_drive_ws/build/pwm_controller_generic/build/lib/pwm_controller_generic/__init__.py -> /ros2_diff_drive_ws/install/pwm_controller_generic/lib/python3.12/site-packages/pwm_controller_generic
byte-compiling /ros2_diff_drive_ws/install/pwm_controller_generic/lib/python3.12/site-packages/pwm_controller_generic/__init__.py to __init__.cpython-312.pyc
running install_data
copying resource/pwm_controller_generic -> /ros2_diff_drive_ws/install/pwm_controller_generic/share/ament_index/resource_index/packages
copying package.xml -> /ros2_diff_drive_ws/install/pwm_controller_generic/share/pwm_controller_generic
running install_egg_info
Copying ../../build/pwm_controller_generic/pwm_controller_generic.egg-info to /ros2_diff_drive_ws/install/pwm_controller_generic/lib/python3.12/site-packages/pwm_controller_generic-0.0.0-py3.12.egg-info
running install_scripts
writing list of installed files to '/ros2_diff_drive_ws/build/pwm_controller_generic/install.log'
