2024-12-30 09:48:15.662 [info] Added views:outline in workbench.view.explorer
2024-12-30 09:48:15.663 [info] Added views:workbench.view.search in workbench.view.search
2024-12-30 09:48:15.663 [info] Added views:workbench.scm in workbench.view.scm
2024-12-30 09:48:15.663 [info] Added views:workbench.panel.markers.view in workbench.panel.markers
2024-12-30 09:48:15.663 [info] Added views:workbench.panel.output in workbench.panel.output
2024-12-30 09:48:15.663 [info] Added views:terminal in terminal
2024-12-30 09:48:15.663 [info] Added views:timeline in workbench.view.explorer
2024-12-30 09:48:15.663 [info] Added views:workbench.explorer.fileView in workbench.view.explorer
2024-12-30 09:48:16.351 [info] Added views:workbench.debug.variablesView,workbench.debug.watchExpressionsView,workbench.debug.callStackView,workbench.debug.breakPointsView in workbench.view.debug
2024-12-30 09:48:16.354 [info] Added views:~remote.forwardedPorts in ~remote.forwardedPortsContainer
2024-12-30 09:48:16.363 [info] Added views:workbench.panel.repl.view in workbench.panel.repl
2024-12-30 09:48:16.363 [info] Removed views:workbench.debug.breakPointsView,workbench.debug.callStackView,workbench.debug.watchExpressionsView,workbench.debug.variablesView from workbench.view.debug
2024-12-30 09:48:16.363 [info] Added views:workbench.debug.welcome in workbench.view.debug
2024-12-30 09:48:26.441 [info] Added views:workbench.scm.history in workbench.view.scm
2024-12-30 09:48:59.202 [info] Added views:workbench.views.extensions.installed,workbench.views.extensions.popular,extensions.recommendedList in workbench.view.extensions
2024-12-30 09:48:59.203 [info] Removed views:workbench.views.extensions.popular from workbench.view.extensions
2024-12-30 09:48:59.284 [info] Added views:workbench.views.extensions.popular in workbench.view.extensions
2024-12-30 09:48:59.749 [info] Removed views:extensions.recommendedList,workbench.views.extensions.popular,workbench.views.extensions.installed from workbench.view.extensions
2024-12-30 09:48:59.752 [info] Added views:workbench.views.extensions.marketplace in workbench.view.extensions
2024-12-30 09:49:53.306 [info] Added views:workbench.view.testing in workbench.view.extension.test
2024-12-30 09:50:30.231 [info] Added views:gitlens.views.scm.grouped in workbench.view.scm
2024-12-30 09:50:30.232 [info] Added views:gitlens.views.commitDetails,gitlens.views.lineHistory,gitlens.views.fileHistory,gitlens.views.searchAndCompare in workbench.view.extension.gitlensInspect
2024-12-30 09:50:30.232 [info] Added views:gitlens.views.home,gitlens.views.launchpad,gitlens.views.workspaces in workbench.view.extension.gitlens
2024-12-30 09:50:30.389 [info] Removed views:gitlens.views.searchAndCompare,gitlens.views.fileHistory,gitlens.views.lineHistory,gitlens.views.commitDetails from workbench.view.extension.gitlensInspect
2024-12-30 09:50:30.390 [info] Removed views:gitlens.views.scm.grouped from workbench.view.scm
2024-12-30 09:50:30.424 [info] Added views:gitlens.views.drafts in workbench.view.extension.gitlens
2024-12-30 09:50:30.453 [info] Added views:gitlens.views.commitDetails,gitlens.views.lineHistory,gitlens.views.fileHistory,gitlens.views.searchAndCompare in workbench.view.extension.gitlensInspect
2024-12-30 09:50:30.453 [info] Added views:gitlens.views.scm.grouped in workbench.view.scm
2024-12-30 09:50:31.505 [info] Added views:gitlens.views.graph,gitlens.views.graphDetails in workbench.view.extension.gitlensPanel
2024-12-30 09:50:31.507 [info] Added views:gitlens.views.timeline in workbench.view.extension.gitlensInspect
2024-12-30 09:50:59.876 [info] Added views:githd.stats in workbench.view.extension.githd-panel
2024-12-30 09:50:59.877 [info] Added views:githd.files in workbench.view.extension.githd-explorer
2024-12-30 09:51:22.802 [info] Removed views:workbench.views.extensions.marketplace from workbench.view.extensions
2024-12-30 09:51:22.812 [info] Added views:workbench.views.extensions.installed,workbench.views.extensions.popular,extensions.recommendedList in workbench.view.extensions
2024-12-30 09:51:26.275 [info] Removed views:extensions.recommendedList,workbench.views.extensions.popular,workbench.views.extensions.installed from workbench.view.extensions
2024-12-30 09:51:26.280 [info] Added views:workbench.views.extensions.marketplace in workbench.view.extensions
2024-12-30 09:54:34.031 [info] Removed views:workbench.scm.history from workbench.view.scm
2024-12-30 09:54:34.032 [info] Removed views:workbench.view.testing from workbench.view.extension.test
