[0.419s] Invoking command in '/ros2_diff_drive_ws/src/pwm_controller_generic': PYTHONPATH=/ros2_diff_drive_ws/src/build/pwm_controller_generic/prefix_override:/usr/lib/python3/dist-packages/colcon_core/task/python/colcon_distutils_commands:/ros2_diff_drive_ws/src/install/pwm_controller_generic/lib/python3.12/site-packages:${PYTHONPATH} /usr/bin/python3 -W ignore:setup.py install is deprecated -W ignore:easy_install command is deprecated setup.py egg_info --egg-base ../build/pwm_controller_generic build --build-base /ros2_diff_drive_ws/src/build/pwm_controller_generic/build install --record /ros2_diff_drive_ws/src/build/pwm_controller_generic/install.log --single-version-externally-managed install_data
[0.521s] running egg_info
[0.521s] creating ../build/pwm_controller_generic/pwm_controller_generic.egg-info
[0.526s] writing ../build/pwm_controller_generic/pwm_controller_generic.egg-info/PKG-INFO
[0.527s] writing dependency_links to ../build/pwm_controller_generic/pwm_controller_generic.egg-info/dependency_links.txt
[0.527s] writing requirements to ../build/pwm_controller_generic/pwm_controller_generic.egg-info/requires.txt
[0.527s] writing top-level names to ../build/pwm_controller_generic/pwm_controller_generic.egg-info/top_level.txt
[0.527s] writing manifest file '../build/pwm_controller_generic/pwm_controller_generic.egg-info/SOURCES.txt'
[0.538s] reading manifest file '../build/pwm_controller_generic/pwm_controller_generic.egg-info/SOURCES.txt'
[0.538s] adding license file 'LICENSE'
[0.538s] writing manifest file '../build/pwm_controller_generic/pwm_controller_generic.egg-info/SOURCES.txt'
[0.538s] running build
[0.538s] running build_py
[0.539s] creating /ros2_diff_drive_ws/src/build/pwm_controller_generic/build
[0.539s] creating /ros2_diff_drive_ws/src/build/pwm_controller_generic/build/lib
[0.539s] creating /ros2_diff_drive_ws/src/build/pwm_controller_generic/build/lib/pwm_controller_generic
[0.539s] copying pwm_controller_generic/__init__.py -> /ros2_diff_drive_ws/src/build/pwm_controller_generic/build/lib/pwm_controller_generic
[0.539s] running install
[0.542s] running install_lib
[0.548s] creating /ros2_diff_drive_ws/src/install/pwm_controller_generic/lib/python3.12/site-packages/pwm_controller_generic
[0.548s] copying /ros2_diff_drive_ws/src/build/pwm_controller_generic/build/lib/pwm_controller_generic/__init__.py -> /ros2_diff_drive_ws/src/install/pwm_controller_generic/lib/python3.12/site-packages/pwm_controller_generic
[0.548s] byte-compiling /ros2_diff_drive_ws/src/install/pwm_controller_generic/lib/python3.12/site-packages/pwm_controller_generic/__init__.py to __init__.cpython-312.pyc
[0.549s] running install_data
[0.549s] creating /ros2_diff_drive_ws/src/install/pwm_controller_generic/share/ament_index
[0.549s] creating /ros2_diff_drive_ws/src/install/pwm_controller_generic/share/ament_index/resource_index
[0.549s] creating /ros2_diff_drive_ws/src/install/pwm_controller_generic/share/ament_index/resource_index/packages
[0.549s] copying resource/pwm_controller_generic -> /ros2_diff_drive_ws/src/install/pwm_controller_generic/share/ament_index/resource_index/packages
[0.549s] copying package.xml -> /ros2_diff_drive_ws/src/install/pwm_controller_generic/share/pwm_controller_generic
[0.549s] running install_egg_info
[0.555s] Copying ../build/pwm_controller_generic/pwm_controller_generic.egg-info to /ros2_diff_drive_ws/src/install/pwm_controller_generic/lib/python3.12/site-packages/pwm_controller_generic-0.0.0-py3.12.egg-info
[0.555s] running install_scripts
[0.597s] writing list of installed files to '/ros2_diff_drive_ws/src/build/pwm_controller_generic/install.log'
[0.611s] Invoked command in '/ros2_diff_drive_ws/src/pwm_controller_generic' returned '0': PYTHONPATH=/ros2_diff_drive_ws/src/build/pwm_controller_generic/prefix_override:/usr/lib/python3/dist-packages/colcon_core/task/python/colcon_distutils_commands:/ros2_diff_drive_ws/src/install/pwm_controller_generic/lib/python3.12/site-packages:${PYTHONPATH} /usr/bin/python3 -W ignore:setup.py install is deprecated -W ignore:easy_install command is deprecated setup.py egg_info --egg-base ../build/pwm_controller_generic build --build-base /ros2_diff_drive_ws/src/build/pwm_controller_generic/build install --record /ros2_diff_drive_ws/src/build/pwm_controller_generic/install.log --single-version-externally-managed install_data
