running egg_info
creating ../build/diff_drive_controller_generic/diff_drive_controller_generic.egg-info
writing ../build/diff_drive_controller_generic/diff_drive_controller_generic.egg-info/PKG-INFO
writing dependency_links to ../build/diff_drive_controller_generic/diff_drive_controller_generic.egg-info/dependency_links.txt
writing requirements to ../build/diff_drive_controller_generic/diff_drive_controller_generic.egg-info/requires.txt
writing top-level names to ../build/diff_drive_controller_generic/diff_drive_controller_generic.egg-info/top_level.txt
writing manifest file '../build/diff_drive_controller_generic/diff_drive_controller_generic.egg-info/SOURCES.txt'
reading manifest file '../build/diff_drive_controller_generic/diff_drive_controller_generic.egg-info/SOURCES.txt'
adding license file 'LICENSE'
writing manifest file '../build/diff_drive_controller_generic/diff_drive_controller_generic.egg-info/SOURCES.txt'
running build
running build_py
creating /ros2_diff_drive_ws/src/build/diff_drive_controller_generic/build
creating /ros2_diff_drive_ws/src/build/diff_drive_controller_generic/build/lib
creating /ros2_diff_drive_ws/src/build/diff_drive_controller_generic/build/lib/diff_drive_controller_generic
copying diff_drive_controller_generic/__init__.py -> /ros2_diff_drive_ws/src/build/diff_drive_controller_generic/build/lib/diff_drive_controller_generic
running install
running install_lib
creating /ros2_diff_drive_ws/src/install/diff_drive_controller_generic/lib/python3.12/site-packages/diff_drive_controller_generic
copying /ros2_diff_drive_ws/src/build/diff_drive_controller_generic/build/lib/diff_drive_controller_generic/__init__.py -> /ros2_diff_drive_ws/src/install/diff_drive_controller_generic/lib/python3.12/site-packages/diff_drive_controller_generic
byte-compiling /ros2_diff_drive_ws/src/install/diff_drive_controller_generic/lib/python3.12/site-packages/diff_drive_controller_generic/__init__.py to __init__.cpython-312.pyc
running install_data
creating /ros2_diff_drive_ws/src/install/diff_drive_controller_generic/share/ament_index
creating /ros2_diff_drive_ws/src/install/diff_drive_controller_generic/share/ament_index/resource_index
creating /ros2_diff_drive_ws/src/install/diff_drive_controller_generic/share/ament_index/resource_index/packages
copying resource/diff_drive_controller_generic -> /ros2_diff_drive_ws/src/install/diff_drive_controller_generic/share/ament_index/resource_index/packages
copying package.xml -> /ros2_diff_drive_ws/src/install/diff_drive_controller_generic/share/diff_drive_controller_generic
running install_egg_info
Copying ../build/diff_drive_controller_generic/diff_drive_controller_generic.egg-info to /ros2_diff_drive_ws/src/install/diff_drive_controller_generic/lib/python3.12/site-packages/diff_drive_controller_generic-0.0.0-py3.12.egg-info
running install_scripts
writing list of installed files to '/ros2_diff_drive_ws/src/build/diff_drive_controller_generic/install.log'
