[0.427s] Invoking command in '/ros2_diff_drive_ws/src/diff_drive_controller_generic': PYTHONPATH=/ros2_diff_drive_ws/src/build/diff_drive_controller_generic/prefix_override:/usr/lib/python3/dist-packages/colcon_core/task/python/colcon_distutils_commands:/ros2_diff_drive_ws/src/install/diff_drive_controller_generic/lib/python3.12/site-packages:${PYTHONPATH} /usr/bin/python3 -W ignore:setup.py install is deprecated -W ignore:easy_install command is deprecated setup.py egg_info --egg-base ../build/diff_drive_controller_generic build --build-base /ros2_diff_drive_ws/src/build/diff_drive_controller_generic/build install --record /ros2_diff_drive_ws/src/build/diff_drive_controller_generic/install.log --single-version-externally-managed install_data
[0.528s] running egg_info
[0.528s] creating ../build/diff_drive_controller_generic/diff_drive_controller_generic.egg-info
[0.533s] writing ../build/diff_drive_controller_generic/diff_drive_controller_generic.egg-info/PKG-INFO
[0.533s] writing dependency_links to ../build/diff_drive_controller_generic/diff_drive_controller_generic.egg-info/dependency_links.txt
[0.533s] writing requirements to ../build/diff_drive_controller_generic/diff_drive_controller_generic.egg-info/requires.txt
[0.533s] writing top-level names to ../build/diff_drive_controller_generic/diff_drive_controller_generic.egg-info/top_level.txt
[0.533s] writing manifest file '../build/diff_drive_controller_generic/diff_drive_controller_generic.egg-info/SOURCES.txt'
[0.544s] reading manifest file '../build/diff_drive_controller_generic/diff_drive_controller_generic.egg-info/SOURCES.txt'
[0.545s] adding license file 'LICENSE'
[0.545s] writing manifest file '../build/diff_drive_controller_generic/diff_drive_controller_generic.egg-info/SOURCES.txt'
[0.545s] running build
[0.545s] running build_py
[0.545s] creating /ros2_diff_drive_ws/src/build/diff_drive_controller_generic/build
[0.545s] creating /ros2_diff_drive_ws/src/build/diff_drive_controller_generic/build/lib
[0.545s] creating /ros2_diff_drive_ws/src/build/diff_drive_controller_generic/build/lib/diff_drive_controller_generic
[0.545s] copying diff_drive_controller_generic/__init__.py -> /ros2_diff_drive_ws/src/build/diff_drive_controller_generic/build/lib/diff_drive_controller_generic
[0.545s] running install
[0.549s] running install_lib
[0.555s] creating /ros2_diff_drive_ws/src/install/diff_drive_controller_generic/lib/python3.12/site-packages/diff_drive_controller_generic
[0.555s] copying /ros2_diff_drive_ws/src/build/diff_drive_controller_generic/build/lib/diff_drive_controller_generic/__init__.py -> /ros2_diff_drive_ws/src/install/diff_drive_controller_generic/lib/python3.12/site-packages/diff_drive_controller_generic
[0.555s] byte-compiling /ros2_diff_drive_ws/src/install/diff_drive_controller_generic/lib/python3.12/site-packages/diff_drive_controller_generic/__init__.py to __init__.cpython-312.pyc
[0.555s] running install_data
[0.555s] creating /ros2_diff_drive_ws/src/install/diff_drive_controller_generic/share/ament_index
[0.555s] creating /ros2_diff_drive_ws/src/install/diff_drive_controller_generic/share/ament_index/resource_index
[0.555s] creating /ros2_diff_drive_ws/src/install/diff_drive_controller_generic/share/ament_index/resource_index/packages
[0.555s] copying resource/diff_drive_controller_generic -> /ros2_diff_drive_ws/src/install/diff_drive_controller_generic/share/ament_index/resource_index/packages
[0.555s] copying package.xml -> /ros2_diff_drive_ws/src/install/diff_drive_controller_generic/share/diff_drive_controller_generic
[0.555s] running install_egg_info
[0.561s] Copying ../build/diff_drive_controller_generic/diff_drive_controller_generic.egg-info to /ros2_diff_drive_ws/src/install/diff_drive_controller_generic/lib/python3.12/site-packages/diff_drive_controller_generic-0.0.0-py3.12.egg-info
[0.562s] running install_scripts
[0.604s] writing list of installed files to '/ros2_diff_drive_ws/src/build/diff_drive_controller_generic/install.log'
[0.627s] Invoked command in '/ros2_diff_drive_ws/src/diff_drive_controller_generic' returned '0': PYTHONPATH=/ros2_diff_drive_ws/src/build/diff_drive_controller_generic/prefix_override:/usr/lib/python3/dist-packages/colcon_core/task/python/colcon_distutils_commands:/ros2_diff_drive_ws/src/install/diff_drive_controller_generic/lib/python3.12/site-packages:${PYTHONPATH} /usr/bin/python3 -W ignore:setup.py install is deprecated -W ignore:easy_install command is deprecated setup.py egg_info --egg-base ../build/diff_drive_controller_generic build --build-base /ros2_diff_drive_ws/src/build/diff_drive_controller_generic/build install --record /ros2_diff_drive_ws/src/build/diff_drive_controller_generic/install.log --single-version-externally-managed install_data
