[0.402s] Invoking command in '/ros2_diff_drive_ws/src/diff_drive_controller_generic': PYTHONPATH=/ros2_diff_drive_ws/src/build/diff_drive_controller_generic/prefix_override:/usr/lib/python3/dist-packages/colcon_core/task/python/colcon_distutils_commands:/ros2_diff_drive_ws/src/install/diff_drive_controller_generic/lib/python3.12/site-packages:${PYTHONPATH} /usr/bin/python3 -W ignore:setup.py install is deprecated -W ignore:easy_install command is deprecated setup.py egg_info --egg-base ../build/diff_drive_controller_generic build --build-base /ros2_diff_drive_ws/src/build/diff_drive_controller_generic/build install --record /ros2_diff_drive_ws/src/build/diff_drive_controller_generic/install.log --single-version-externally-managed install_data
[0.503s] running egg_info
[0.508s] writing ../build/diff_drive_controller_generic/diff_drive_controller_generic.egg-info/PKG-INFO
[0.509s] writing dependency_links to ../build/diff_drive_controller_generic/diff_drive_controller_generic.egg-info/dependency_links.txt
[0.509s] writing requirements to ../build/diff_drive_controller_generic/diff_drive_controller_generic.egg-info/requires.txt
[0.509s] writing top-level names to ../build/diff_drive_controller_generic/diff_drive_controller_generic.egg-info/top_level.txt
[0.520s] reading manifest file '../build/diff_drive_controller_generic/diff_drive_controller_generic.egg-info/SOURCES.txt'
[0.520s] adding license file 'LICENSE'
[0.520s] writing manifest file '../build/diff_drive_controller_generic/diff_drive_controller_generic.egg-info/SOURCES.txt'
[0.520s] running build
[0.520s] running build_py
[0.521s] running install
[0.525s] running install_lib
[0.531s] running install_data
[0.531s] running install_egg_info
[0.537s] removing '/ros2_diff_drive_ws/src/install/diff_drive_controller_generic/lib/python3.12/site-packages/diff_drive_controller_generic-0.0.0-py3.12.egg-info' (and everything under it)
[0.538s] Copying ../build/diff_drive_controller_generic/diff_drive_controller_generic.egg-info to /ros2_diff_drive_ws/src/install/diff_drive_controller_generic/lib/python3.12/site-packages/diff_drive_controller_generic-0.0.0-py3.12.egg-info
[0.538s] running install_scripts
[0.582s] writing list of installed files to '/ros2_diff_drive_ws/src/build/diff_drive_controller_generic/install.log'
[0.596s] Invoked command in '/ros2_diff_drive_ws/src/diff_drive_controller_generic' returned '0': PYTHONPATH=/ros2_diff_drive_ws/src/build/diff_drive_controller_generic/prefix_override:/usr/lib/python3/dist-packages/colcon_core/task/python/colcon_distutils_commands:/ros2_diff_drive_ws/src/install/diff_drive_controller_generic/lib/python3.12/site-packages:${PYTHONPATH} /usr/bin/python3 -W ignore:setup.py install is deprecated -W ignore:easy_install command is deprecated setup.py egg_info --egg-base ../build/diff_drive_controller_generic build --build-base /ros2_diff_drive_ws/src/build/diff_drive_controller_generic/build install --record /ros2_diff_drive_ws/src/build/diff_drive_controller_generic/install.log --single-version-externally-managed install_data
