2024-12-30 09:48:15.956 [info] Reading sessions from keychain...
2024-12-30 09:48:15.956 [info] Getting sessions for all scopes...
2024-12-30 09:48:15.956 [info] Getting sessions for all scopes...
2024-12-30 09:48:15.956 [info] Getting sessions for all scopes...
2024-12-30 09:48:15.956 [info] Getting sessions for all scopes...
2024-12-30 09:48:15.956 [info] Getting sessions for all scopes...
2024-12-30 09:48:15.956 [info] Getting sessions for all scopes...
2024-12-30 09:48:15.956 [info] Getting sessions for all scopes...
2024-12-30 09:48:15.956 [info] Getting sessions for all scopes...
2024-12-30 09:48:16.366 [info] Got 0 sessions for ...
2024-12-30 09:48:16.366 [info] Got 0 sessions for ...
2024-12-30 09:48:16.366 [info] Got 0 sessions for ...
2024-12-30 09:48:16.366 [info] Got 0 sessions for ...
2024-12-30 09:48:16.366 [info] Got 0 sessions for ...
2024-12-30 09:48:16.366 [info] Got 0 sessions for ...
2024-12-30 09:48:16.366 [info] Got 0 sessions for ...
2024-12-30 09:48:16.366 [info] Got 0 sessions for ...
2024-12-30 09:48:18.141 [info] Getting sessions for all scopes...
2024-12-30 09:48:18.142 [info] Got 0 sessions for ...
2024-12-30 09:48:26.488 [info] Getting sessions for read:user,repo,user:email,workflow...
2024-12-30 09:48:26.488 [info] Got 0 sessions for read:user,repo,user:email,workflow...
2024-12-30 09:50:30.449 [info] Getting sessions for read:user,repo,user:email...
2024-12-30 09:50:30.449 [info] Got 0 sessions for read:user,repo,user:email...
