-- The C compiler identification is GNU 13.2.0
-- The CXX compiler identification is GNU 13.2.0
-- Detecting C compiler ABI info
-- Detecting C compiler ABI info - done
-- Check for working C compiler: /usr/bin/cc - skipped
-- Detecting C compile features
-- Detecting C compile features - done
-- Detecting CXX compiler ABI info
-- Detecting CXX compiler ABI info - done
-- Check for working CXX compiler: /usr/bin/c++ - skipped
-- Detecting CXX compile features
-- Detecting CXX compile features - done
-- Found ament_cmake: 2.5.2 (/opt/ros/jazzy/share/ament_cmake/cmake)
-- Found Python3: /usr/bin/python3 (found version "3.12.3") found components: Interpreter 
-- Found rclcpp: 28.1.5 (/opt/ros/jazzy/share/rclcpp/cmake)
-- Found rosidl_generator_c: 4.6.4 (/opt/ros/jazzy/share/rosidl_generator_c/cmake)
-- Found rosidl_generator_cpp: 4.6.4 (/opt/ros/jazzy/share/rosidl_generator_cpp/cmake)
-- Using all available rosidl_typesupport_c: rosidl_typesupport_fastrtps_c;rosidl_typesupport_introspection_c
-- Using all available rosidl_typesupport_cpp: rosidl_typesupport_fastrtps_cpp;rosidl_typesupport_introspection_cpp
-- Found rmw_implementation_cmake: 7.3.1 (/opt/ros/jazzy/share/rmw_implementation_cmake/cmake)
-- Found rmw_fastrtps_cpp: 8.4.1 (/opt/ros/jazzy/share/rmw_fastrtps_cpp/cmake)
-- Found OpenSSL: /usr/lib/x86_64-linux-gnu/libcrypto.so (found version "3.0.13")  
-- Found FastRTPS: /opt/ros/jazzy/include (Required is at least version "2.13") 
-- Using RMW implementation 'rmw_fastrtps_cpp' as default
-- Found std_msgs: 5.3.5 (/opt/ros/jazzy/share/std_msgs/cmake)
-- Found geometry_msgs: 5.3.5 (/opt/ros/jazzy/share/geometry_msgs/cmake)
-- Found nav_msgs: 5.3.5 (/opt/ros/jazzy/share/nav_msgs/cmake)
-- Found tf2: 0.36.4 (/opt/ros/jazzy/share/tf2/cmake)
-- Found tf2_ros: 0.36.4 (/opt/ros/jazzy/share/tf2_ros/cmake)
-- Found ament_lint_auto: 0.17.1 (/opt/ros/jazzy/share/ament_lint_auto/cmake)
-- Added test 'lint_cmake' to check CMake code style
-- Added test 'xmllint' to check XML markup files
-- Configuring done (0.6s)
-- Generating done (0.0s)
-- Build files have been written to: /ros2_diff_drive_ws/build/diff_drive_controller
-- Install configuration: ""
-- Installing: /ros2_diff_drive_ws/install/diff_drive_controller/share/ament_index/resource_index/package_run_dependencies/diff_drive_controller
-- Installing: /ros2_diff_drive_ws/install/diff_drive_controller/share/ament_index/resource_index/parent_prefix_path/diff_drive_controller
-- Installing: /ros2_diff_drive_ws/install/diff_drive_controller/share/diff_drive_controller/environment/ament_prefix_path.sh
-- Installing: /ros2_diff_drive_ws/install/diff_drive_controller/share/diff_drive_controller/environment/ament_prefix_path.dsv
-- Installing: /ros2_diff_drive_ws/install/diff_drive_controller/share/diff_drive_controller/environment/path.sh
-- Installing: /ros2_diff_drive_ws/install/diff_drive_controller/share/diff_drive_controller/environment/path.dsv
-- Installing: /ros2_diff_drive_ws/install/diff_drive_controller/share/diff_drive_controller/local_setup.bash
-- Installing: /ros2_diff_drive_ws/install/diff_drive_controller/share/diff_drive_controller/local_setup.sh
-- Installing: /ros2_diff_drive_ws/install/diff_drive_controller/share/diff_drive_controller/local_setup.zsh
-- Installing: /ros2_diff_drive_ws/install/diff_drive_controller/share/diff_drive_controller/local_setup.dsv
-- Installing: /ros2_diff_drive_ws/install/diff_drive_controller/share/diff_drive_controller/package.dsv
-- Installing: /ros2_diff_drive_ws/install/diff_drive_controller/share/ament_index/resource_index/packages/diff_drive_controller
-- Installing: /ros2_diff_drive_ws/install/diff_drive_controller/share/diff_drive_controller/cmake/diff_drive_controllerConfig.cmake
-- Installing: /ros2_diff_drive_ws/install/diff_drive_controller/share/diff_drive_controller/cmake/diff_drive_controllerConfig-version.cmake
-- Installing: /ros2_diff_drive_ws/install/diff_drive_controller/share/diff_drive_controller/package.xml
