[0.005s] Invoking command in '/ros2_diff_drive_ws/build/diff_drive_controller': CMAKE_PREFIX_PATH=/opt/ros/jazzy /usr/bin/cmake /ros2_diff_drive_ws/src/diff_drive_controller -DCMAKE_INSTALL_PREFIX=/ros2_diff_drive_ws/install/diff_drive_controller
[0.031s] -- The C compiler identification is GNU 13.2.0
[0.059s] -- The CXX compiler identification is GNU 13.2.0
[0.065s] -- Detecting C compiler ABI info
[0.101s] -- Detecting C compiler ABI info - done
[0.106s] -- Check for working C compiler: /usr/bin/cc - skipped
[0.106s] -- Detecting C compile features
[0.106s] -- Detecting C compile features - done
[0.111s] -- Detecting CXX compiler ABI info
[0.151s] -- Detecting CXX compiler ABI info - done
[0.159s] -- Check for working CXX compiler: /usr/bin/c++ - skipped
[0.159s] -- Detecting CXX compile features
[0.159s] -- Detecting CXX compile features - done
[0.160s] -- Found ament_cmake: 2.5.2 (/opt/ros/jazzy/share/ament_cmake/cmake)
[0.217s] -- Found Python3: /usr/bin/python3 (found version "3.12.3") found components: Interpreter 
[0.265s] -- Found rclcpp: 28.1.5 (/opt/ros/jazzy/share/rclcpp/cmake)
[0.280s] -- Found rosidl_generator_c: 4.6.4 (/opt/ros/jazzy/share/rosidl_generator_c/cmake)
[0.286s] -- Found rosidl_generator_cpp: 4.6.4 (/opt/ros/jazzy/share/rosidl_generator_cpp/cmake)
[0.294s] -- Using all available rosidl_typesupport_c: rosidl_typesupport_fastrtps_c;rosidl_typesupport_introspection_c
[0.302s] -- Using all available rosidl_typesupport_cpp: rosidl_typesupport_fastrtps_cpp;rosidl_typesupport_introspection_cpp
[0.341s] -- Found rmw_implementation_cmake: 7.3.1 (/opt/ros/jazzy/share/rmw_implementation_cmake/cmake)
[0.342s] -- Found rmw_fastrtps_cpp: 8.4.1 (/opt/ros/jazzy/share/rmw_fastrtps_cpp/cmake)
[0.373s] -- Found OpenSSL: /usr/lib/x86_64-linux-gnu/libcrypto.so (found version "3.0.13")  
[0.380s] -- Found FastRTPS: /opt/ros/jazzy/include (Required is at least version "2.13") 
[0.391s] -- Using RMW implementation 'rmw_fastrtps_cpp' as default
[0.429s] -- Found std_msgs: 5.3.5 (/opt/ros/jazzy/share/std_msgs/cmake)
[0.436s] -- Found geometry_msgs: 5.3.5 (/opt/ros/jazzy/share/geometry_msgs/cmake)
[0.445s] -- Found nav_msgs: 5.3.5 (/opt/ros/jazzy/share/nav_msgs/cmake)
[0.460s] -- Found tf2: 0.36.4 (/opt/ros/jazzy/share/tf2/cmake)
[0.463s] -- Found tf2_ros: 0.36.4 (/opt/ros/jazzy/share/tf2_ros/cmake)
[0.530s] -- Found ament_lint_auto: 0.17.1 (/opt/ros/jazzy/share/ament_lint_auto/cmake)
[0.586s] -- Added test 'lint_cmake' to check CMake code style
[0.587s] -- Added test 'xmllint' to check XML markup files
[0.587s] -- Configuring done (0.6s)
[0.590s] -- Generating done (0.0s)
[0.591s] -- Build files have been written to: /ros2_diff_drive_ws/build/diff_drive_controller
[0.597s] Invoked command in '/ros2_diff_drive_ws/build/diff_drive_controller' returned '0': CMAKE_PREFIX_PATH=/opt/ros/jazzy /usr/bin/cmake /ros2_diff_drive_ws/src/diff_drive_controller -DCMAKE_INSTALL_PREFIX=/ros2_diff_drive_ws/install/diff_drive_controller
[0.597s] Invoking command in '/ros2_diff_drive_ws/build/diff_drive_controller': CMAKE_PREFIX_PATH=/opt/ros/jazzy /usr/bin/cmake --build /ros2_diff_drive_ws/build/diff_drive_controller -- -j32 -l32
[0.616s] Invoked command in '/ros2_diff_drive_ws/build/diff_drive_controller' returned '0': CMAKE_PREFIX_PATH=/opt/ros/jazzy /usr/bin/cmake --build /ros2_diff_drive_ws/build/diff_drive_controller -- -j32 -l32
[0.616s] Invoking command in '/ros2_diff_drive_ws/build/diff_drive_controller': CMAKE_PREFIX_PATH=/opt/ros/jazzy /usr/bin/cmake --install /ros2_diff_drive_ws/build/diff_drive_controller
[0.619s] -- Install configuration: ""
[0.619s] -- Installing: /ros2_diff_drive_ws/install/diff_drive_controller/share/ament_index/resource_index/package_run_dependencies/diff_drive_controller
[0.619s] -- Installing: /ros2_diff_drive_ws/install/diff_drive_controller/share/ament_index/resource_index/parent_prefix_path/diff_drive_controller
[0.619s] -- Installing: /ros2_diff_drive_ws/install/diff_drive_controller/share/diff_drive_controller/environment/ament_prefix_path.sh
[0.619s] -- Installing: /ros2_diff_drive_ws/install/diff_drive_controller/share/diff_drive_controller/environment/ament_prefix_path.dsv
[0.620s] -- Installing: /ros2_diff_drive_ws/install/diff_drive_controller/share/diff_drive_controller/environment/path.sh
[0.620s] -- Installing: /ros2_diff_drive_ws/install/diff_drive_controller/share/diff_drive_controller/environment/path.dsv
[0.620s] -- Installing: /ros2_diff_drive_ws/install/diff_drive_controller/share/diff_drive_controller/local_setup.bash
[0.620s] -- Installing: /ros2_diff_drive_ws/install/diff_drive_controller/share/diff_drive_controller/local_setup.sh
[0.620s] -- Installing: /ros2_diff_drive_ws/install/diff_drive_controller/share/diff_drive_controller/local_setup.zsh
[0.620s] -- Installing: /ros2_diff_drive_ws/install/diff_drive_controller/share/diff_drive_controller/local_setup.dsv
[0.620s] -- Installing: /ros2_diff_drive_ws/install/diff_drive_controller/share/diff_drive_controller/package.dsv
[0.620s] -- Installing: /ros2_diff_drive_ws/install/diff_drive_controller/share/ament_index/resource_index/packages/diff_drive_controller
[0.620s] -- Installing: /ros2_diff_drive_ws/install/diff_drive_controller/share/diff_drive_controller/cmake/diff_drive_controllerConfig.cmake
[0.620s] -- Installing: /ros2_diff_drive_ws/install/diff_drive_controller/share/diff_drive_controller/cmake/diff_drive_controllerConfig-version.cmake
[0.620s] -- Installing: /ros2_diff_drive_ws/install/diff_drive_controller/share/diff_drive_controller/package.xml
[0.621s] Invoked command in '/ros2_diff_drive_ws/build/diff_drive_controller' returned '0': CMAKE_PREFIX_PATH=/opt/ros/jazzy /usr/bin/cmake --install /ros2_diff_drive_ws/build/diff_drive_controller
