[0.080s] DEBUG:colcon:Command line arguments: ['/usr/bin/colcon', 'build']
[0.080s] DEBUG:colcon:Parsed command line arguments: Namespace(log_base=None, log_level=None, verb_name='build', build_base='build', install_base='install', merge_install=False, symlink_install=False, test_result_base=None, continue_on_error=False, executor='parallel', parallel_workers=32, event_handlers=None, ignore_user_meta=False, metas=['./colcon.meta'], base_paths=['.'], packages_ignore=None, packages_ignore_regex=None, paths=None, packages_up_to=None, packages_up_to_regex=None, packages_above=None, packages_above_and_dependencies=None, packages_above_depth=None, packages_select_by_dep=None, packages_skip_by_dep=None, packages_skip_up_to=None, packages_select_build_failed=False, packages_skip_build_finished=False, packages_select_test_failures=False, packages_skip_test_passed=False, packages_select=None, packages_skip=None, packages_select_regex=None, packages_skip_regex=None, packages_start=None, packages_end=None, cmake_args=None, cmake_target=None, cmake_target_skip_unavailable=False, cmake_clean_cache=False, cmake_clean_first=False, cmake_force_configure=False, ament_cmake_args=None, catkin_cmake_args=None, catkin_skip_building_tests=False, mixin_files=None, mixin=None, verb_parser=<colcon_mixin.mixin.mixin_argument.MixinArgumentDecorator object at 0x7f739d2f8620>, verb_extension=<colcon_core.verb.build.BuildVerb object at 0x7f739d2f83b0>, main=<bound method BuildVerb.main of <colcon_core.verb.build.BuildVerb object at 0x7f739d2f83b0>>, mixin_verb=('build',))
[0.110s] Level 1:colcon.colcon_core.package_discovery:discover_packages(colcon_meta) check parameters
[0.110s] INFO:colcon.colcon_metadata.package_discovery.colcon_meta:Using configuration from '/root/.colcon/metadata/default/Gazebo.meta'
[0.110s] INFO:colcon.colcon_metadata.package_discovery.colcon_meta:Using configuration from '/root/.colcon/metadata/default/fastrtps.meta'
[0.110s] Level 1:colcon.colcon_core.package_discovery:discover_packages(recursive) check parameters
[0.110s] Level 1:colcon.colcon_core.package_discovery:discover_packages(ignore) check parameters
[0.110s] Level 1:colcon.colcon_core.package_discovery:discover_packages(path) check parameters
[0.110s] Level 1:colcon.colcon_core.package_discovery:discover_packages(colcon_meta) discover
[0.111s] Level 1:colcon.colcon_core.package_discovery:discover_packages(recursive) discover
[0.111s] INFO:colcon.colcon_core.package_discovery:Crawling recursively for packages in '/ros2_diff_drive_ws/src/pwm_controller_generic'
[0.111s] Level 1:colcon.colcon_core.package_identification:_identify(.) by extensions ['ignore', 'ignore_ament_install']
[0.111s] Level 1:colcon.colcon_core.package_identification:_identify(.) by extension 'ignore'
[0.111s] Level 1:colcon.colcon_core.package_identification:_identify(.) by extension 'ignore_ament_install'
[0.111s] Level 1:colcon.colcon_core.package_identification:_identify(.) by extensions ['colcon_pkg']
[0.111s] Level 1:colcon.colcon_core.package_identification:_identify(.) by extension 'colcon_pkg'
[0.111s] Level 1:colcon.colcon_core.package_identification:_identify(.) by extensions ['colcon_meta']
[0.111s] Level 1:colcon.colcon_core.package_identification:_identify(.) by extension 'colcon_meta'
[0.111s] Level 1:colcon.colcon_core.package_identification:_identify(.) by extensions ['ros']
[0.111s] Level 1:colcon.colcon_core.package_identification:_identify(.) by extension 'ros'
[0.129s] DEBUG:colcon.colcon_core.package_identification:Package '.' with type 'ros.ament_python' and name 'pwm_controller_generic'
[0.129s] Level 1:colcon.colcon_core.package_discovery:discover_packages(recursive) using defaults
[0.129s] Level 1:colcon.colcon_core.package_discovery:discover_packages(ignore) discover
[0.129s] Level 1:colcon.colcon_core.package_discovery:discover_packages(ignore) using defaults
[0.129s] Level 1:colcon.colcon_core.package_discovery:discover_packages(path) discover
[0.129s] Level 1:colcon.colcon_core.package_discovery:discover_packages(path) using defaults
[0.140s] Level 5:colcon.colcon_core.verb:set package 'pwm_controller_generic' build argument 'cmake_args' from command line to 'None'
[0.140s] Level 5:colcon.colcon_core.verb:set package 'pwm_controller_generic' build argument 'cmake_target' from command line to 'None'
[0.140s] Level 5:colcon.colcon_core.verb:set package 'pwm_controller_generic' build argument 'cmake_target_skip_unavailable' from command line to 'False'
[0.140s] Level 5:colcon.colcon_core.verb:set package 'pwm_controller_generic' build argument 'cmake_clean_cache' from command line to 'False'
[0.140s] Level 5:colcon.colcon_core.verb:set package 'pwm_controller_generic' build argument 'cmake_clean_first' from command line to 'False'
[0.140s] Level 5:colcon.colcon_core.verb:set package 'pwm_controller_generic' build argument 'cmake_force_configure' from command line to 'False'
[0.140s] Level 5:colcon.colcon_core.verb:set package 'pwm_controller_generic' build argument 'ament_cmake_args' from command line to 'None'
[0.140s] Level 5:colcon.colcon_core.verb:set package 'pwm_controller_generic' build argument 'catkin_cmake_args' from command line to 'None'
[0.140s] Level 5:colcon.colcon_core.verb:set package 'pwm_controller_generic' build argument 'catkin_skip_building_tests' from command line to 'False'
[0.140s] DEBUG:colcon.colcon_core.verb:Building package 'pwm_controller_generic' with the following arguments: {'ament_cmake_args': None, 'build_base': '/ros2_diff_drive_ws/src/pwm_controller_generic/build/pwm_controller_generic', 'catkin_cmake_args': None, 'catkin_skip_building_tests': False, 'cmake_args': None, 'cmake_clean_cache': False, 'cmake_clean_first': False, 'cmake_force_configure': False, 'cmake_target': None, 'cmake_target_skip_unavailable': False, 'install_base': '/ros2_diff_drive_ws/src/pwm_controller_generic/install/pwm_controller_generic', 'merge_install': False, 'path': '/ros2_diff_drive_ws/src/pwm_controller_generic', 'symlink_install': False, 'test_result_base': None}
[0.140s] INFO:colcon.colcon_core.executor:Executing jobs using 'parallel' executor
[0.140s] DEBUG:colcon.colcon_parallel_executor.executor.parallel:run_until_complete
[0.141s] INFO:colcon.colcon_ros.task.ament_python.build:Building ROS package in '/ros2_diff_drive_ws/src/pwm_controller_generic' with build type 'ament_python'
[0.141s] Level 1:colcon.colcon_core.shell:create_environment_hook('pwm_controller_generic', 'ament_prefix_path')
[0.143s] INFO:colcon.colcon_core.plugin_system:Skipping extension 'colcon_core.shell.bat': Not used on non-Windows systems
[0.143s] INFO:colcon.colcon_core.shell:Creating environment hook '/ros2_diff_drive_ws/src/pwm_controller_generic/install/pwm_controller_generic/share/pwm_controller_generic/hook/ament_prefix_path.ps1'
[0.143s] INFO:colcon.colcon_core.shell:Creating environment descriptor '/ros2_diff_drive_ws/src/pwm_controller_generic/install/pwm_controller_generic/share/pwm_controller_generic/hook/ament_prefix_path.dsv'
[0.143s] INFO:colcon.colcon_core.shell:Creating environment hook '/ros2_diff_drive_ws/src/pwm_controller_generic/install/pwm_controller_generic/share/pwm_controller_generic/hook/ament_prefix_path.sh'
[0.144s] INFO:colcon.colcon_core.shell:Skip shell extension 'powershell' for command environment: Not usable outside of PowerShell
[0.144s] DEBUG:colcon.colcon_core.shell:Skip shell extension 'dsv' for command environment
[0.238s] INFO:colcon.colcon_core.task.python.build:Building Python package in '/ros2_diff_drive_ws/src/pwm_controller_generic'
[0.238s] INFO:colcon.colcon_core.shell:Skip shell extension 'powershell' for command environment: Not usable outside of PowerShell
[0.238s] DEBUG:colcon.colcon_core.shell:Skip shell extension 'dsv' for command environment
[0.475s] DEBUG:colcon.colcon_core.event_handler.log_command:Invoking command in '/ros2_diff_drive_ws/src/pwm_controller_generic': PYTHONPATH=/ros2_diff_drive_ws/src/pwm_controller_generic/build/pwm_controller_generic/prefix_override:/usr/lib/python3/dist-packages/colcon_core/task/python/colcon_distutils_commands:/ros2_diff_drive_ws/src/pwm_controller_generic/install/pwm_controller_generic/lib/python3.12/site-packages:${PYTHONPATH} /usr/bin/python3 -W ignore:setup.py install is deprecated -W ignore:easy_install command is deprecated setup.py egg_info --egg-base build/pwm_controller_generic build --build-base /ros2_diff_drive_ws/src/pwm_controller_generic/build/pwm_controller_generic/build install --record /ros2_diff_drive_ws/src/pwm_controller_generic/build/pwm_controller_generic/install.log --single-version-externally-managed install_data
[0.667s] DEBUG:colcon.colcon_core.event_handler.log_command:Invoked command in '/ros2_diff_drive_ws/src/pwm_controller_generic' returned '0': PYTHONPATH=/ros2_diff_drive_ws/src/pwm_controller_generic/build/pwm_controller_generic/prefix_override:/usr/lib/python3/dist-packages/colcon_core/task/python/colcon_distutils_commands:/ros2_diff_drive_ws/src/pwm_controller_generic/install/pwm_controller_generic/lib/python3.12/site-packages:${PYTHONPATH} /usr/bin/python3 -W ignore:setup.py install is deprecated -W ignore:easy_install command is deprecated setup.py egg_info --egg-base build/pwm_controller_generic build --build-base /ros2_diff_drive_ws/src/pwm_controller_generic/build/pwm_controller_generic/build install --record /ros2_diff_drive_ws/src/pwm_controller_generic/build/pwm_controller_generic/install.log --single-version-externally-managed install_data
[0.670s] Level 1:colcon.colcon_core.environment:checking '/ros2_diff_drive_ws/src/pwm_controller_generic/install/pwm_controller_generic' for CMake module files
[0.670s] Level 1:colcon.colcon_core.environment:checking '/ros2_diff_drive_ws/src/pwm_controller_generic/install/pwm_controller_generic' for CMake config files
[0.671s] Level 1:colcon.colcon_core.environment:checking '/ros2_diff_drive_ws/src/pwm_controller_generic/install/pwm_controller_generic/lib'
[0.671s] Level 1:colcon.colcon_core.environment:checking '/ros2_diff_drive_ws/src/pwm_controller_generic/install/pwm_controller_generic/bin'
[0.671s] Level 1:colcon.colcon_core.environment:checking '/ros2_diff_drive_ws/src/pwm_controller_generic/install/pwm_controller_generic/lib/pkgconfig/pwm_controller_generic.pc'
[0.671s] Level 1:colcon.colcon_core.environment:checking '/ros2_diff_drive_ws/src/pwm_controller_generic/install/pwm_controller_generic/lib/python3.12/site-packages'
[0.671s] Level 1:colcon.colcon_core.shell:create_environment_hook('pwm_controller_generic', 'pythonpath')
[0.671s] INFO:colcon.colcon_core.shell:Creating environment hook '/ros2_diff_drive_ws/src/pwm_controller_generic/install/pwm_controller_generic/share/pwm_controller_generic/hook/pythonpath.ps1'
[0.671s] INFO:colcon.colcon_core.shell:Creating environment descriptor '/ros2_diff_drive_ws/src/pwm_controller_generic/install/pwm_controller_generic/share/pwm_controller_generic/hook/pythonpath.dsv'
[0.672s] INFO:colcon.colcon_core.shell:Creating environment hook '/ros2_diff_drive_ws/src/pwm_controller_generic/install/pwm_controller_generic/share/pwm_controller_generic/hook/pythonpath.sh'
[0.673s] Level 1:colcon.colcon_core.environment:checking '/ros2_diff_drive_ws/src/pwm_controller_generic/install/pwm_controller_generic/bin'
[0.673s] Level 1:colcon.colcon_core.environment:create_environment_scripts_only(pwm_controller_generic)
[0.673s] INFO:colcon.colcon_core.shell:Creating package script '/ros2_diff_drive_ws/src/pwm_controller_generic/install/pwm_controller_generic/share/pwm_controller_generic/package.ps1'
[0.674s] INFO:colcon.colcon_core.shell:Creating package descriptor '/ros2_diff_drive_ws/src/pwm_controller_generic/install/pwm_controller_generic/share/pwm_controller_generic/package.dsv'
[0.674s] INFO:colcon.colcon_core.shell:Creating package script '/ros2_diff_drive_ws/src/pwm_controller_generic/install/pwm_controller_generic/share/pwm_controller_generic/package.sh'
[0.674s] INFO:colcon.colcon_core.shell:Creating package script '/ros2_diff_drive_ws/src/pwm_controller_generic/install/pwm_controller_generic/share/pwm_controller_generic/package.bash'
[0.675s] INFO:colcon.colcon_core.shell:Creating package script '/ros2_diff_drive_ws/src/pwm_controller_generic/install/pwm_controller_generic/share/pwm_controller_generic/package.zsh'
[0.675s] Level 1:colcon.colcon_core.environment:create_file_with_runtime_dependencies(/ros2_diff_drive_ws/src/pwm_controller_generic/install/pwm_controller_generic/share/colcon-core/packages/pwm_controller_generic)
[0.675s] DEBUG:colcon.colcon_parallel_executor.executor.parallel:closing loop
[0.676s] DEBUG:colcon.colcon_parallel_executor.executor.parallel:loop closed
[0.676s] DEBUG:colcon.colcon_parallel_executor.executor.parallel:run_until_complete finished with '0'
[0.676s] DEBUG:colcon.colcon_core.event_reactor:joining thread
[0.683s] INFO:colcon.colcon_core.plugin_system:Skipping extension 'colcon_notification.desktop_notification.notify_send': Could not find 'notify-send'
[0.683s] INFO:colcon.colcon_core.plugin_system:Skipping extension 'colcon_notification.desktop_notification.terminal_notifier': Not used on non-Darwin systems
[0.683s] INFO:colcon.colcon_core.plugin_system:Skipping extension 'colcon_notification.desktop_notification.win32': Not used on non-Windows systems
[0.684s] INFO:colcon.colcon_notification.desktop_notification:Sending desktop notification using 'notify2'
[0.684s] DEBUG:colcon.colcon_notification.desktop_notification.notify2:Failed to initialize notify2: org.freedesktop.DBus.Error.NotSupported: Unable to autolaunch a dbus-daemon without a $DISPLAY for X11
[0.684s] DEBUG:colcon.colcon_core.event_reactor:joined thread
[0.684s] INFO:colcon.colcon_core.shell:Creating prefix script '/ros2_diff_drive_ws/src/pwm_controller_generic/install/local_setup.ps1'
[0.684s] INFO:colcon.colcon_core.shell:Creating prefix util module '/ros2_diff_drive_ws/src/pwm_controller_generic/install/_local_setup_util_ps1.py'
[0.685s] INFO:colcon.colcon_core.shell:Creating prefix chain script '/ros2_diff_drive_ws/src/pwm_controller_generic/install/setup.ps1'
[0.686s] INFO:colcon.colcon_core.shell:Creating prefix script '/ros2_diff_drive_ws/src/pwm_controller_generic/install/local_setup.sh'
[0.686s] INFO:colcon.colcon_core.shell:Creating prefix util module '/ros2_diff_drive_ws/src/pwm_controller_generic/install/_local_setup_util_sh.py'
[0.687s] INFO:colcon.colcon_core.shell:Creating prefix chain script '/ros2_diff_drive_ws/src/pwm_controller_generic/install/setup.sh'
[0.687s] INFO:colcon.colcon_core.shell:Creating prefix script '/ros2_diff_drive_ws/src/pwm_controller_generic/install/local_setup.bash'
[0.687s] INFO:colcon.colcon_core.shell:Creating prefix chain script '/ros2_diff_drive_ws/src/pwm_controller_generic/install/setup.bash'
[0.688s] INFO:colcon.colcon_core.shell:Creating prefix script '/ros2_diff_drive_ws/src/pwm_controller_generic/install/local_setup.zsh'
[0.689s] INFO:colcon.colcon_core.shell:Creating prefix chain script '/ros2_diff_drive_ws/src/pwm_controller_generic/install/setup.zsh'
