[0.004s] Invoking command in '/ros2_diff_drive_ws/build/pwm_controller': CMAKE_PREFIX_PATH=/opt/ros/jazzy /usr/bin/cmake /ros2_diff_drive_ws/src/pwm_controller -DCMAKE_INSTALL_PREFIX=/ros2_diff_drive_ws/install/pwm_controller
[0.028s] -- The C compiler identification is GNU 13.2.0
[0.056s] -- The CXX compiler identification is GNU 13.2.0
[0.062s] -- Detecting C compiler ABI info
[0.098s] -- Detecting C compiler ABI info - done
[0.103s] -- Check for working C compiler: /usr/bin/cc - skipped
[0.104s] -- Detecting C compile features
[0.104s] -- Detecting C compile features - done
[0.107s] -- Detecting CXX compiler ABI info
[0.148s] -- Detecting CXX compiler ABI info - done
[0.153s] -- Check for working CXX compiler: /usr/bin/c++ - skipped
[0.153s] -- Detecting CXX compile features
[0.153s] -- Detecting CXX compile features - done
[0.154s] -- Found ament_cmake: 2.5.2 (/opt/ros/jazzy/share/ament_cmake/cmake)
[0.212s] -- Found Python3: /usr/bin/python3 (found version "3.12.3") found components: Interpreter 
[0.261s] -- Found rclcpp: 28.1.5 (/opt/ros/jazzy/share/rclcpp/cmake)
[0.277s] -- Found rosidl_generator_c: 4.6.4 (/opt/ros/jazzy/share/rosidl_generator_c/cmake)
[0.283s] -- Found rosidl_generator_cpp: 4.6.4 (/opt/ros/jazzy/share/rosidl_generator_cpp/cmake)
[0.290s] -- Using all available rosidl_typesupport_c: rosidl_typesupport_fastrtps_c;rosidl_typesupport_introspection_c
[0.299s] -- Using all available rosidl_typesupport_cpp: rosidl_typesupport_fastrtps_cpp;rosidl_typesupport_introspection_cpp
[0.338s] -- Found rmw_implementation_cmake: 7.3.1 (/opt/ros/jazzy/share/rmw_implementation_cmake/cmake)
[0.339s] -- Found rmw_fastrtps_cpp: 8.4.1 (/opt/ros/jazzy/share/rmw_fastrtps_cpp/cmake)
[0.370s] -- Found OpenSSL: /usr/lib/x86_64-linux-gnu/libcrypto.so (found version "3.0.13")  
[0.377s] -- Found FastRTPS: /opt/ros/jazzy/include (Required is at least version "2.13") 
[0.388s] -- Using RMW implementation 'rmw_fastrtps_cpp' as default
[0.426s] -- Found std_msgs: 5.3.5 (/opt/ros/jazzy/share/std_msgs/cmake)
[0.433s] -- Found ament_lint_auto: 0.17.1 (/opt/ros/jazzy/share/ament_lint_auto/cmake)
[0.486s] -- Added test 'lint_cmake' to check CMake code style
[0.486s] -- Added test 'xmllint' to check XML markup files
[0.487s] -- Configuring done (0.5s)
[0.489s] -- Generating done (0.0s)
[0.490s] -- Build files have been written to: /ros2_diff_drive_ws/build/pwm_controller
[0.494s] Invoked command in '/ros2_diff_drive_ws/build/pwm_controller' returned '0': CMAKE_PREFIX_PATH=/opt/ros/jazzy /usr/bin/cmake /ros2_diff_drive_ws/src/pwm_controller -DCMAKE_INSTALL_PREFIX=/ros2_diff_drive_ws/install/pwm_controller
[0.495s] Invoking command in '/ros2_diff_drive_ws/build/pwm_controller': CMAKE_PREFIX_PATH=/opt/ros/jazzy /usr/bin/cmake --build /ros2_diff_drive_ws/build/pwm_controller -- -j32 -l32
[0.512s] Invoked command in '/ros2_diff_drive_ws/build/pwm_controller' returned '0': CMAKE_PREFIX_PATH=/opt/ros/jazzy /usr/bin/cmake --build /ros2_diff_drive_ws/build/pwm_controller -- -j32 -l32
[0.515s] Invoking command in '/ros2_diff_drive_ws/build/pwm_controller': CMAKE_PREFIX_PATH=/opt/ros/jazzy /usr/bin/cmake --install /ros2_diff_drive_ws/build/pwm_controller
[0.518s] -- Install configuration: ""
[0.518s] -- Installing: /ros2_diff_drive_ws/install/pwm_controller/share/ament_index/resource_index/package_run_dependencies/pwm_controller
[0.518s] -- Installing: /ros2_diff_drive_ws/install/pwm_controller/share/ament_index/resource_index/parent_prefix_path/pwm_controller
[0.518s] -- Installing: /ros2_diff_drive_ws/install/pwm_controller/share/pwm_controller/environment/ament_prefix_path.sh
[0.519s] -- Installing: /ros2_diff_drive_ws/install/pwm_controller/share/pwm_controller/environment/ament_prefix_path.dsv
[0.519s] -- Installing: /ros2_diff_drive_ws/install/pwm_controller/share/pwm_controller/environment/path.sh
[0.519s] -- Installing: /ros2_diff_drive_ws/install/pwm_controller/share/pwm_controller/environment/path.dsv
[0.519s] -- Installing: /ros2_diff_drive_ws/install/pwm_controller/share/pwm_controller/local_setup.bash
[0.519s] -- Installing: /ros2_diff_drive_ws/install/pwm_controller/share/pwm_controller/local_setup.sh
[0.519s] -- Installing: /ros2_diff_drive_ws/install/pwm_controller/share/pwm_controller/local_setup.zsh
[0.519s] -- Installing: /ros2_diff_drive_ws/install/pwm_controller/share/pwm_controller/local_setup.dsv
[0.519s] -- Installing: /ros2_diff_drive_ws/install/pwm_controller/share/pwm_controller/package.dsv
[0.519s] -- Installing: /ros2_diff_drive_ws/install/pwm_controller/share/ament_index/resource_index/packages/pwm_controller
[0.519s] -- Installing: /ros2_diff_drive_ws/install/pwm_controller/share/pwm_controller/cmake/pwm_controllerConfig.cmake
[0.519s] -- Installing: /ros2_diff_drive_ws/install/pwm_controller/share/pwm_controller/cmake/pwm_controllerConfig-version.cmake
[0.520s] -- Installing: /ros2_diff_drive_ws/install/pwm_controller/share/pwm_controller/package.xml
[0.520s] Invoked command in '/ros2_diff_drive_ws/build/pwm_controller' returned '0': CMAKE_PREFIX_PATH=/opt/ros/jazzy /usr/bin/cmake --install /ros2_diff_drive_ws/build/pwm_controller
